<?xml version="1.0" encoding="UTF-8"?>
<!-- Generated by org.testng.reporters.JUnitReportReporter -->
<testsuite hostname="SakshiBhavsar" failures="0" tests="4" name="testScripts.PlaceOrderTest" time="64.209" errors="0" timestamp="2023-05-17T14:44:44 IST" skipped="0">
  <testcase classname="testScripts.PlaceOrderTest" name="LoginPage" time="4.416"/>
  <system-out/>
  <testcase classname="testScripts.PlaceOrderTest" name="addItemTest" time="19.943"/>
  <system-out/>
  <testcase classname="testScripts.PlaceOrderTest" name="DeleteItemFromcart" time="14.510"/>
  <system-out/>
  <testcase classname="testScripts.PlaceOrderTest" name="PlaceOrderFromCart" time="25.340"/>
  <system-out/>
</testsuite> <!-- testScripts.PlaceOrderTest -->
