<?xml version="1.0" encoding="UTF-8"?>
<!-- Generated by org.testng.reporters.JUnitReportReporter -->
<testsuite hostname="SakshiBhavsar" failures="0" tests="4" name="testScripts.PlaceOrderTest" time="62.835" errors="0" timestamp="2023-05-17T11:28:58 IST" skipped="0">
  <testcase classname="testScripts.PlaceOrderTest" name="LoginPage" time="3.811"/>
  <system-out/>
  <testcase classname="testScripts.PlaceOrderTest" name="addItemTest" time="19.717"/>
  <system-out/>
  <testcase classname="testScripts.PlaceOrderTest" name="DeleteItemFromcart" time="14.610"/>
  <system-out/>
  <testcase classname="testScripts.PlaceOrderTest" name="PlaceOrderFromCart" time="24.697"/>
  <system-out/>
</testsuite> <!-- testScripts.PlaceOrderTest -->
