<?xml version="1.0" encoding="UTF-8"?>
<!-- Generated by org.testng.reporters.JUnitReportReporter -->
<testsuite hostname="SakshiBhavsar" failures="0" tests="4" name="testScripts.PlaceOrderTest" time="65.551" errors="0" timestamp="2023-05-17T12:51:26 IST" skipped="0">
  <testcase classname="testScripts.PlaceOrderTest" name="LoginPage" time="4.020"/>
  <system-out/>
  <testcase classname="testScripts.PlaceOrderTest" name="addItemTest" time="21.217"/>
  <system-out/>
  <testcase classname="testScripts.PlaceOrderTest" name="DeleteItemFromcart" time="14.840"/>
  <system-out/>
  <testcase classname="testScripts.PlaceOrderTest" name="PlaceOrderFromCart" time="25.474"/>
  <system-out/>
</testsuite> <!-- testScripts.PlaceOrderTest -->
