<?xml version="1.0" encoding="UTF-8"?>
<!-- Generated by org.testng.reporters.JUnitReportReporter -->
<testsuite hostname="SakshiBhavsar" failures="0" tests="4" name="testScripts.PlaceOrderTest" time="74.197" errors="0" timestamp="2023-05-17T17:21:37 IST" skipped="0">
  <testcase classname="testScripts.PlaceOrderTest" name="LoginPage" time="3.844"/>
  <system-out/>
  <testcase classname="testScripts.PlaceOrderTest" name="addItemTest" time="29.222"/>
  <system-out/>
  <testcase classname="testScripts.PlaceOrderTest" name="DeleteItemFromcart" time="15.722"/>
  <system-out/>
  <testcase classname="testScripts.PlaceOrderTest" name="PlaceOrderFromCart" time="25.409"/>
  <system-out/>
</testsuite> <!-- testScripts.PlaceOrderTest -->
