<?xml version="1.0" encoding="UTF-8"?>
<!-- Generated by org.testng.reporters.JUnitReportReporter -->
<testsuite hostname="SakshiBhavsar" failures="0" tests="4" name="testScripts.PlaceOrderTest" time="66.046" errors="0" timestamp="2023-05-17T13:08:17 IST" skipped="0">
  <testcase classname="testScripts.PlaceOrderTest" name="LoginPage" time="4.049"/>
  <system-out/>
  <testcase classname="testScripts.PlaceOrderTest" name="addItemTest" time="21.230"/>
  <system-out/>
  <testcase classname="testScripts.PlaceOrderTest" name="DeleteItemFromcart" time="15.080"/>
  <system-out/>
  <testcase classname="testScripts.PlaceOrderTest" name="PlaceOrderFromCart" time="25.687"/>
  <system-out/>
</testsuite> <!-- testScripts.PlaceOrderTest -->
